<?xml version="1.0" encoding="UTF-8"?>
<!-- Generated by org.testng.reporters.JUnitXMLReporter -->
<testsuite ignored="0" hostname="DESKTOP-QHF030L" failures="0" tests="4" name="Test" time="4.536" errors="0" timestamp="2024-10-01T11:43:49 IST">
  <testcase classname="chaining_GoRestAPI.CreateUser" name="test_createuser" time="2.635"/>
  <testcase classname="chaining_GoRestAPI.GetUser" name="test_getuser" time="0.429"/>
  <testcase classname="chaining_GoRestAPI.UpdateUser" name="test_updateuser" time="0.688"/>
  <testcase classname="chaining_GoRestAPI.DeleteUser" name="deleteuser" time="0.735"/>
</testsuite> <!-- Test -->
