<?xml version="1.0" encoding="UTF-8"?>
<!-- Generated by org.testng.reporters.JUnitXMLReporter -->
<testsuite ignored="0" hostname="DESKTOP-QHF030L" failures="0" tests="4" name="PetTests" time="4.696" errors="0" timestamp="2024-10-06T16:25:16 IST">
  <testcase classname="api.test.UserTests" name="testPostUser" time="1.924"/>
  <testcase classname="api.test.UserTests" name="testGetUserByName" time="0.515"/>
  <testcase classname="api.test.UserTests" name="testUpdateUserByName" time="0.998"/>
  <testcase classname="api.test.UserTests" name="testDeleteUserByName" time="0.497"/>
</testsuite> <!-- PetTests -->
