<?xml version="1.0" encoding="UTF-8"?>
<!-- Generated by org.testng.reporters.JUnitXMLReporter -->
<testsuite ignored="0" hostname="DESKTOP-QHF030L" failures="0" tests="4" name="PetTests" time="4.772" errors="0" timestamp="2024-10-06T15:20:35 IST">
  <testcase classname="api.test.UserTests" name="testPostUser" time="1.938"/>
  <testcase classname="api.test.UserTests" name="testGetUserByName" time="0.501"/>
  <testcase classname="api.test.UserTests" name="testUpdateUserByName" time="0.994"/>
  <testcase classname="api.test.UserTests" name="testDeleteUserByName" time="0.485"/>
</testsuite> <!-- PetTests -->
